<?xml version="1.0" encoding="UTF-8"?>
<testng-results skipped="0" failed="0" ignored="0" total="1" passed="1">
  <reporter-output>
  </reporter-output>
  <suite name="Default suite" duration-ms="19942" started-at="2022-01-02T17:34:30 IST" finished-at="2022-01-02T17:34:50 IST">
    <groups>
    </groups>
    <test name="Default test" duration-ms="19942" started-at="2022-01-02T17:34:30 IST" finished-at="2022-01-02T17:34:50 IST">
      <class name="org.tsting.testscripts.Tc8">
        <test-method status="PASS" signature="testcase2()[pri:0, instance:org.tsting.testscripts.Tc8@305fd85d]" name="testcase2" duration-ms="19876" started-at="2022-01-02T17:34:30 IST" finished-at="2022-01-02T17:34:50 IST">
          <reporter-output>
          </reporter-output>
        </test-method> <!-- testcase2 -->
      </class> <!-- org.tsting.testscripts.Tc8 -->
    </test> <!-- Default test -->
  </suite> <!-- Default suite -->
</testng-results>
