<?xml version="1.0" encoding="UTF-8"?>
<!-- Generated by org.testng.reporters.JUnitXMLReporter -->
<testsuite hostname="DESKTOP-CBMBFPP" ignored="0" name="Test" tests="6" failures="0" timestamp="2021-12-29T01:35:21 IST" time="4.225" errors="0">
  <testcase name="testcase1" time="2.602" classname="org.tsting.testscripts.Tc1"/>
  <testcase name="testcase2" time="1.304" classname="org.tsting.testscripts.Tc2"/>
  <testcase name="Testcase3" time="0.075" classname="org.tsting.testscripts.Tc3"/>
  <testcase name="Testcase4" time="0.087" classname="org.tsting.testscripts.Tc4"/>
  <testcase name="Testcase5" time="0.061" classname="org.tsting.testscripts.Tc5"/>
  <testcase name="Testcase6" time="0.006" classname="org.tsting.testscripts.Tc6"/>
</testsuite> <!-- Test -->
